# JRE version: Java(TM) SE Runtime Environment (8.0_131-b11) (build 1.8.0_131-b11)
# Java VM: Java HotSpot(TM) 64-Bit Server VM (25.131-b11 mixed mode windows-amd64 compressed oops)
Heap:
 PSYoungGen      total 78336K, used 22478K [0x00000000d5f00000, 0x00000000dfa00000, 0x0000000100000000)
  eden space 66560K, 16% used [0x00000000d5f00000,0x00000000d6a0c4a8,0x00000000da000000)
  from space 11776K, 94% used [0x00000000da000000,0x00000000daae7500,0x00000000dab80000)
  to   space 12800K, 0% used [0x00000000ded80000,0x00000000ded80000,0x00000000dfa00000)
 ParOldGen       total 87552K, used 15841K [0x0000000081c00000, 0x0000000087180000, 0x00000000d5f00000)
  object space 87552K, 18% used [0x0000000081c00000,0x0000000082b784c8,0x0000000087180000)
 Metaspace       used 19086K, capacity 19704K, committed 19968K, reserved 1067008K
  class space    used 2154K, capacity 2295K, committed 2304K, reserved 1048576K
GC Heap History (10 events):
Event: 3.149 GC heap before
{Heap before GC invocations=3 (full 0):
 PSYoungGen      total 38400K, used 38397K [0x00000000d5f00000, 0x00000000d8980000, 0x0000000100000000)
  eden space 33280K, 100% used [0x00000000d5f00000,0x00000000d7f80000,0x00000000d7f80000)
  from space 5120K, 99% used [0x00000000d8480000,0x00000000d897f750,0x00000000d8980000)
  to   space 5120K, 0% used [0x00000000d7f80000,0x00000000d7f80000,0x00000000d8480000)
 ParOldGen       total 87552K, used 1850K [0x0000000081c00000, 0x0000000087180000, 0x00000000d5f00000)
  object space 87552K, 2% used [0x0000000081c00000,0x0000000081dce810,0x0000000087180000)
 Metaspace       used 15619K, capacity 15882K, committed 16128K, reserved 1062912K
  class space    used 1895K, capacity 1974K, committed 2048K, reserved 1048576K
Event: 3.156 GC heap after
Heap after GC invocations=3 (full 0):
 PSYoungGen      total 38400K, used 5112K [0x00000000d5f00000, 0x00000000d8980000, 0x0000000100000000)
  eden space 33280K, 0% used [0x00000000d5f00000,0x00000000d5f00000,0x00000000d7f80000)
  from space 5120K, 99% used [0x00000000d7f80000,0x00000000d847e050,0x00000000d8480000)
  to   space 5120K, 0% used [0x00000000d8480000,0x00000000d8480000,0x00000000d8980000)
 ParOldGen       total 87552K, used 4716K [0x0000000081c00000, 0x0000000087180000, 0x00000000d5f00000)
  object space 87552K, 5% used [0x0000000081c00000,0x000000008209b148,0x0000000087180000)
 Metaspace       used 15619K, capacity 15882K, committed 16128K, reserved 1062912K
  class space    used 1895K, capacity 1974K, committed 2048K, reserved 1048576K
}
Event: 3.666 GC heap before
{Heap before GC invocations=4 (full 0):
 PSYoungGen      total 38400K, used 38392K [0x00000000d5f00000, 0x00000000d8980000, 0x0000000100000000)
  eden space 33280K, 100% used [0x00000000d5f00000,0x00000000d7f80000,0x00000000d7f80000)
  from space 5120K, 99% used [0x00000000d7f80000,0x00000000d847e050,0x00000000d8480000)
  to   space 5120K, 0% used [0x00000000d8480000,0x00000000d8480000,0x00000000d8980000)
 ParOldGen       total 87552K, used 4716K [0x0000000081c00000, 0x0000000087180000, 0x00000000d5f00000)
  object space 87552K, 5% used [0x0000000081c00000,0x000000008209b148,0x0000000087180000)
 Metaspace       used 16270K, capacity 16578K, committed 16896K, reserved 1064960K
  class space    used 1931K, capacity 2010K, committed 2048K, reserved 1048576K
Event: 3.677 GC heap after
Heap after GC invocations=4 (full 0):
 PSYoungGen      total 38400K, used 5112K [0x00000000d5f00000, 0x00000000daa00000, 0x0000000100000000)
  eden space 33280K, 0% used [0x00000000d5f00000,0x00000000d5f00000,0x00000000d7f80000)
  from space 5120K, 99% used [0x00000000d8480000,0x00000000d897e030,0x00000000d8980000)
  to   space 5120K, 0% used [0x00000000d7f80000,0x00000000d7f80000,0x00000000d8480000)
 ParOldGen       total 87552K, used 9260K [0x0000000081c00000, 0x0000000087180000, 0x00000000d5f00000)
  object space 87552K, 10% used [0x0000000081c00000,0x000000008250b208,0x0000000087180000)
 Metaspace       used 16270K, capacity 16578K, committed 16896K, reserved 1064960K
  class space    used 1931K, capacity 2010K, committed 2048K, reserved 1048576K
}
Event: 4.111 GC heap before
{Heap before GC invocations=5 (full 0):
 PSYoungGen      total 38400K, used 38392K [0x00000000d5f00000, 0x00000000daa00000, 0x0000000100000000)
  eden space 33280K, 100% used [0x00000000d5f00000,0x00000000d7f80000,0x00000000d7f80000)
  from space 5120K, 99% used [0x00000000d8480000,0x00000000d897e030,0x00000000d8980000)
  to   space 5120K, 0% used [0x00000000d7f80000,0x00000000d7f80000,0x00000000d8480000)
 ParOldGen       total 87552K, used 9260K [0x0000000081c00000, 0x0000000087180000, 0x00000000d5f00000)
  object space 87552K, 10% used [0x0000000081c00000,0x000000008250b208,0x0000000087180000)
 Metaspace       used 16534K, capacity 16964K, committed 17152K, reserved 1064960K
  class space    used 1937K, capacity 2047K, committed 2048K, reserved 1048576K
Event: 4.121 GC heap after
Heap after GC invocations=5 (full 0):
 PSYoungGen      total 38400K, used 5096K [0x00000000d5f00000, 0x00000000db700000, 0x0000000100000000)
  eden space 33280K, 0% used [0x00000000d5f00000,0x00000000d5f00000,0x00000000d7f80000)
  from space 5120K, 99% used [0x00000000d7f80000,0x00000000d847a040,0x00000000d8480000)
  to   space 11776K, 0% used [0x00000000dab80000,0x00000000dab80000,0x00000000db700000)
 ParOldGen       total 87552K, used 14156K [0x0000000081c00000, 0x0000000087180000, 0x00000000d5f00000)
  object space 87552K, 16% used [0x0000000081c00000,0x00000000829d32d0,0x0000000087180000)
 Metaspace       used 16534K, capacity 16964K, committed 17152K, reserved 1064960K
  class space    used 1937K, capacity 2047K, committed 2048K, reserved 1048576K
}
Event: 4.633 GC heap before
{Heap before GC invocations=6 (full 0):
 PSYoungGen      total 38400K, used 38376K [0x00000000d5f00000, 0x00000000db700000, 0x0000000100000000)
  eden space 33280K, 100% used [0x00000000d5f00000,0x00000000d7f80000,0x00000000d7f80000)
  from space 5120K, 99% used [0x00000000d7f80000,0x00000000d847a040,0x00000000d8480000)
  to   space 11776K, 0% used [0x00000000dab80000,0x00000000dab80000,0x00000000db700000)
 ParOldGen       total 87552K, used 14156K [0x0000000081c00000, 0x0000000087180000, 0x00000000d5f00000)
  object space 87552K, 16% used [0x0000000081c00000,0x00000000829d32d0,0x0000000087180000)
 Metaspace       used 16905K, capacity 17302K, committed 17536K, reserved 1064960K
  class space    used 1952K, capacity 2050K, committed 2176K, reserved 1048576K
Event: 4.643 GC heap after
Heap after GC invocations=6 (full 0):
 PSYoungGen      total 78336K, used 8680K [0x00000000d5f00000, 0x00000000db700000, 0x0000000100000000)
  eden space 66560K, 0% used [0x00000000d5f00000,0x00000000d5f00000,0x00000000da000000)
  from space 11776K, 73% used [0x00000000dab80000,0x00000000db3fa020,0x00000000db700000)
  to   space 11776K, 0% used [0x00000000da000000,0x00000000da000000,0x00000000dab80000)
 ParOldGen       total 87552K, used 14156K [0x0000000081c00000, 0x0000000087180000, 0x00000000d5f00000)
  object space 87552K, 16% used [0x0000000081c00000,0x00000000829d32d0,0x0000000087180000)
 Metaspace       used 16905K, capacity 17302K, committed 17536K, reserved 1064960K
  class space    used 1952K, capacity 2050K, committed 2176K, reserved 1048576K
}
Event: 5.822 GC heap before
{Heap before GC invocations=7 (full 0):
 PSYoungGen      total 78336K, used 75240K [0x00000000d5f00000, 0x00000000db700000, 0x0000000100000000)
  eden space 66560K, 100% used [0x00000000d5f00000,0x00000000da000000,0x00000000da000000)
  from space 11776K, 73% used [0x00000000dab80000,0x00000000db3fa020,0x00000000db700000)
  to   space 11776K, 0% used [0x00000000da000000,0x00000000da000000,0x00000000dab80000)
 ParOldGen       total 87552K, used 14156K [0x0000000081c00000, 0x0000000087180000, 0x00000000d5f00000)
  object space 87552K, 16% used [0x0000000081c00000,0x00000000829d32d0,0x0000000087180000)
 Metaspace       used 18506K, capacity 19014K, committed 19200K, reserved 1067008K
  class space    used 2088K, capacity 2196K, committed 2304K, reserved 1048576K
Event: 5.848 GC heap after
Heap after GC invocations=7 (full 0):
 PSYoungGen      total 78336K, used 11165K [0x00000000d5f00000, 0x00000000dfa00000, 0x0000000100000000)
  eden space 66560K, 0% used [0x00000000d5f00000,0x00000000d5f00000,0x00000000da000000)
  from space 11776K, 94% used [0x00000000da000000,0x00000000daae7500,0x00000000dab80000)
  to   space 12800K, 0% used [0x00000000ded80000,0x00000000ded80000,0x00000000dfa00000)
 ParOldGen       total 87552K, used 15841K [0x0000000081c00000, 0x0000000087180000, 0x00000000d5f00000)
  object space 87552K, 18% used [0x0000000081c00000,0x0000000082b784c8,0x0000000087180000)
 Metaspace       used 18506K, capacity 19014K, committed 19200K, reserved 1067008K
  class space    used 2088K, capacity 2196K, committed 2304K, reserved 1048576K
}

